C:\xampp\htdocs\QuickCare\QuickCare\Admin_report\.env
C:\xampp\htdocs\QuickCare\QuickCare\Admin_report\.env.dev.local
C:\xampp\htdocs\QuickCare\QuickCare\Admin_report\.env.prod.local
C:\xampp\htdocs\QuickCare\QuickCare\Admin_report\.htaccess
C:\xampp\htdocs\QuickCare\QuickCare\Admin_report\bin\console
C:\xampp\htdocs\QuickCare\QuickCare\Admin_report\composer.json
C:\xampp\htdocs\QuickCare\QuickCare\Admin_report\config\bundles.php
C:\xampp\htdocs\QuickCare\QuickCare\Admin_report\config\packages\cache.php
C:\xampp\htdocs\QuickCare\QuickCare\Admin_report\config\packages\csrf.php
C:\xampp\htdocs\QuickCare\QuickCare\Admin_report\config\packages\debug.php
C:\xampp\htdocs\QuickCare\QuickCare\Admin_report\config\packages\deprecations.php
C:\xampp\htdocs\QuickCare\QuickCare\Admin_report\config\packages\doctrine.php
C:\xampp\htdocs\QuickCare\QuickCare\Admin_report\config\packages\exercise_html_purifier.php
C:\xampp\htdocs\QuickCare\QuickCare\Admin_report\config\packages\flysystem.php
C:\xampp\htdocs\QuickCare\QuickCare\Admin_report\config\packages\framework.php
C:\xampp\htdocs\QuickCare\QuickCare\Admin_report\config\packages\lexik_jwt_authentication.php
C:\xampp\htdocs\QuickCare\QuickCare\Admin_report\config\packages\mailer.php
C:\xampp\htdocs\QuickCare\QuickCare\Admin_report\config\packages\monolog.php
C:\xampp\htdocs\QuickCare\QuickCare\Admin_report\config\packages\nelmio_cors.php
C:\xampp\htdocs\QuickCare\QuickCare\Admin_report\config\packages\routing.php
C:\xampp\htdocs\QuickCare\QuickCare\Admin_report\config\packages\security.php
C:\xampp\htdocs\QuickCare\QuickCare\Admin_report\config\packages\twig.php
C:\xampp\htdocs\QuickCare\QuickCare\Admin_report\config\packages\validator.php
C:\xampp\htdocs\QuickCare\QuickCare\Admin_report\config\routes\attributes.php
C:\xampp\htdocs\QuickCare\QuickCare\Admin_report\config\routes\framework.php
C:\xampp\htdocs\QuickCare\QuickCare\Admin_report\config\routes\hwi_oauth.php
C:\xampp\htdocs\QuickCare\QuickCare\Admin_report\config\routes\routes.php
C:\xampp\htdocs\QuickCare\QuickCare\Admin_report\config\routes\security.php
C:\xampp\htdocs\QuickCare\QuickCare\Admin_report\config\services.php
C:\xampp\htdocs\QuickCare\QuickCare\Admin_report\controllers\ApiController.php
C:\xampp\htdocs\QuickCare\QuickCare\Admin_report\controllers\AppController.php
C:\xampp\htdocs\QuickCare\QuickCare\Admin_report\controllers\AppointmentReportController.php
C:\xampp\htdocs\QuickCare\QuickCare\Admin_report\controllers\ViewAppointmentReportController.php
C:\xampp\htdocs\QuickCare\QuickCare\Admin_report\controllers\ViewDoctorReportController.php
C:\xampp\htdocs\QuickCare\QuickCare\Admin_report\controllers\ViewFeedbackReportController.php
C:\xampp\htdocs\QuickCare\QuickCare\Admin_report\controllers\ViewPatientReportController.php
C:\xampp\htdocs\QuickCare\QuickCare\Admin_report\controllers\ViewPaymentReportController.php
C:\xampp\htdocs\QuickCare\QuickCare\Admin_report\controllers\ViewPrescriptionReportController.php
C:\xampp\htdocs\QuickCare\QuickCare\Admin_report\css\ewpdf.scss
C:\xampp\htdocs\QuickCare\QuickCare\Admin_report\css\project2.scss
C:\xampp\htdocs\QuickCare\QuickCare\Admin_report\css\query-builder.scss
C:\xampp\htdocs\QuickCare\QuickCare\Admin_report\css\tabulator_bootstrap5.scss
C:\xampp\htdocs\QuickCare\QuickCare\Admin_report\css\tempus-dominus.scss
C:\xampp\htdocs\QuickCare\QuickCare\Admin_report\index.php
C:\xampp\htdocs\QuickCare\QuickCare\Admin_report\js\clientscript.js
C:\xampp\htdocs\QuickCare\QuickCare\Admin_report\js\startupscript.js
C:\xampp\htdocs\QuickCare\QuickCare\Admin_report\js\userevent.js
C:\xampp\htdocs\QuickCare\QuickCare\Admin_report\js\userfn.js
C:\xampp\htdocs\QuickCare\QuickCare\Admin_report\models\AppointmentReport.php
C:\xampp\htdocs\QuickCare\QuickCare\Admin_report\models\AppointmentReportService.php
C:\xampp\htdocs\QuickCare\QuickCare\Admin_report\models\AppointmentReportSummary.php
C:\xampp\htdocs\QuickCare\QuickCare\Admin_report\models\ViewAppointmentReport.php
C:\xampp\htdocs\QuickCare\QuickCare\Admin_report\models\ViewAppointmentReportList.php
C:\xampp\htdocs\QuickCare\QuickCare\Admin_report\models\ViewAppointmentReportSearch.php
C:\xampp\htdocs\QuickCare\QuickCare\Admin_report\models\ViewDoctorReport.php
C:\xampp\htdocs\QuickCare\QuickCare\Admin_report\models\ViewDoctorReportList.php
C:\xampp\htdocs\QuickCare\QuickCare\Admin_report\models\ViewDoctorReportSearch.php
C:\xampp\htdocs\QuickCare\QuickCare\Admin_report\models\ViewFeedbackReport.php
C:\xampp\htdocs\QuickCare\QuickCare\Admin_report\models\ViewFeedbackReportList.php
C:\xampp\htdocs\QuickCare\QuickCare\Admin_report\models\ViewPatientReport.php
C:\xampp\htdocs\QuickCare\QuickCare\Admin_report\models\ViewPatientReportList.php
C:\xampp\htdocs\QuickCare\QuickCare\Admin_report\models\ViewPaymentReport.php
C:\xampp\htdocs\QuickCare\QuickCare\Admin_report\models\ViewPaymentReportList.php
C:\xampp\htdocs\QuickCare\QuickCare\Admin_report\models\ViewPaymentReportSearch.php
C:\xampp\htdocs\QuickCare\QuickCare\Admin_report\models\ViewPrescriptionReport.php
C:\xampp\htdocs\QuickCare\QuickCare\Admin_report\models\ViewPrescriptionReportList.php
C:\xampp\htdocs\QuickCare\QuickCare\Admin_report\models\ViewPrescriptionReportSearch.php
C:\xampp\htdocs\QuickCare\QuickCare\Admin_report\package.json
C:\xampp\htdocs\QuickCare\QuickCare\Admin_report\src\AbstractCheckCredentialsListener.php
C:\xampp\htdocs\QuickCare\QuickCare\Admin_report\src\AbstractExport.php
C:\xampp\htdocs\QuickCare\QuickCare\Admin_report\src\AbstractPager.php
C:\xampp\htdocs\QuickCare\QuickCare\Admin_report\src\AbstractTwoFactorAuthentication.php
C:\xampp\htdocs\QuickCare\QuickCare\Admin_report\src\AccessControlRequestMatcher.php
C:\xampp\htdocs\QuickCare\QuickCare\Admin_report\src\AccessTokenExtractor.php
C:\xampp\htdocs\QuickCare\QuickCare\Admin_report\src\AccessTokenHandler.php
C:\xampp\htdocs\QuickCare\QuickCare\Admin_report\src\AccessTokenUser.php
C:\xampp\htdocs\QuickCare\QuickCare\Admin_report\src\AccessTokenUserProvider.php
C:\xampp\htdocs\QuickCare\QuickCare\Admin_report\src\ActionType.php
C:\xampp\htdocs\QuickCare\QuickCare\Admin_report\src\AdvancedFilter.php
C:\xampp\htdocs\QuickCare\QuickCare\Admin_report\src\AdvancedSearch.php
C:\xampp\htdocs\QuickCare\QuickCare\Admin_report\src\AdvancedSecurity.php
C:\xampp\htdocs\QuickCare\QuickCare\Admin_report\src\AdvancedUserInterface.php
C:\xampp\htdocs\QuickCare\QuickCare\Admin_report\src\AliasToClassPass.php
C:\xampp\htdocs\QuickCare\QuickCare\Admin_report\src\Allow.php
C:\xampp\htdocs\QuickCare\QuickCare\Admin_report\src\ApiEntityValueResolver.php
C:\xampp\htdocs\QuickCare\QuickCare\Admin_report\src\ApiPermissionVoter.php
C:\xampp\htdocs\QuickCare\QuickCare\Admin_report\src\AppEventSubscriber.php
C:\xampp\htdocs\QuickCare\QuickCare\Admin_report\src\AppServiceLocator.php
C:\xampp\htdocs\QuickCare\QuickCare\Admin_report\src\Attributes.php
C:\xampp\htdocs\QuickCare\QuickCare\Admin_report\src\AuditTrailHandler.php
C:\xampp\htdocs\QuickCare\QuickCare\Admin_report\src\AuthenticationEntryPoint.php
C:\xampp\htdocs\QuickCare\QuickCare\Admin_report\src\AuthenticationFailureHandler.php
C:\xampp\htdocs\QuickCare\QuickCare\Admin_report\src\AuthenticationSuccessHandler.php
C:\xampp\htdocs\QuickCare\QuickCare\Admin_report\src\BaseAbstractExport.php
C:\xampp\htdocs\QuickCare\QuickCare\Admin_report\src\BaseCaptcha.php
C:\xampp\htdocs\QuickCare\QuickCare\Admin_report\src\BaseController.php
C:\xampp\htdocs\QuickCare\QuickCare\Admin_report\src\BaseDbTable.php
C:\xampp\htdocs\QuickCare\QuickCare\Admin_report\src\BasicSearch.php
C:\xampp\htdocs\QuickCare\QuickCare\Admin_report\src\BodyParsingListener.php
C:\xampp\htdocs\QuickCare\QuickCare\Admin_report\src\BootstrapEventDispatcher.php
C:\xampp\htdocs\QuickCare\QuickCare\Admin_report\src\BootstrapPagerTemplate.php
C:\xampp\htdocs\QuickCare\QuickCare\Admin_report\src\BootstrapPagerView.php
C:\xampp\htdocs\QuickCare\QuickCare\Admin_report\src\Breadcrumb.php
C:\xampp\htdocs\QuickCare\QuickCare\Admin_report\src\BytesType.php
C:\xampp\htdocs\QuickCare\QuickCare\Admin_report\src\CaptchaInterface.php
C:\xampp\htdocs\QuickCare\QuickCare\Admin_report\src\ChartExporter.php
C:\xampp\htdocs\QuickCare\QuickCare\Admin_report\src\ChartJsRenderer.php
C:\xampp\htdocs\QuickCare\QuickCare\Admin_report\src\ChartRendererInterface.php
C:\xampp\htdocs\QuickCare\QuickCare\Admin_report\src\ChartService.php
C:\xampp\htdocs\QuickCare\QuickCare\Admin_report\src\ChartTypes.php
C:\xampp\htdocs\QuickCare\QuickCare\Admin_report\src\Command\ConvertLocalEnvToSecretsCommand.php
C:\xampp\htdocs\QuickCare\QuickCare\Admin_report\src\Command\RecipesCommand.php
C:\xampp\htdocs\QuickCare\QuickCare\Admin_report\src\Command\WarmupLanguageCacheCommand.php
C:\xampp\htdocs\QuickCare\QuickCare\Admin_report\src\ConfigurationEvent.php
C:\xampp\htdocs\QuickCare\QuickCare\Admin_report\src\ConnectionDriverMiddleware.php
C:\xampp\htdocs\QuickCare\QuickCare\Admin_report\src\ConnectionMiddleware.php
C:\xampp\htdocs\QuickCare\QuickCare\Admin_report\src\CrosstabColumn.php
C:\xampp\htdocs\QuickCare\QuickCare\Admin_report\src\CrosstabTable.php
C:\xampp\htdocs\QuickCare\QuickCare\Admin_report\src\CspListener.php
C:\xampp\htdocs\QuickCare\QuickCare\Admin_report\src\CsrfListener.php
C:\xampp\htdocs\QuickCare\QuickCare\Admin_report\src\CustomChromePHPHandler.php
C:\xampp\htdocs\QuickCare\QuickCare\Admin_report\src\CustomEntityRepository.php
C:\xampp\htdocs\QuickCare\QuickCare\Admin_report\src\CustomEntityValueResolver.php
C:\xampp\htdocs\QuickCare\QuickCare\Admin_report\src\CustomLdapWrapper.php
C:\xampp\htdocs\QuickCare\QuickCare\Admin_report\src\CustomUploadHandler.php
C:\xampp\htdocs\QuickCare\QuickCare\Admin_report\src\DataType.php
C:\xampp\htdocs\QuickCare\QuickCare\Admin_report\src\DatabaseConnectedEvent.php
C:\xampp\htdocs\QuickCare\QuickCare\Admin_report\src\DatabaseConnectingEvent.php
C:\xampp\htdocs\QuickCare\QuickCare\Admin_report\src\DatePointType.php
C:\xampp\htdocs\QuickCare\QuickCare\Admin_report\src\DbChart.php
C:\xampp\htdocs\QuickCare\QuickCare\Admin_report\src\DbField.php
C:\xampp\htdocs\QuickCare\QuickCare\Admin_report\src\DbFields.php
C:\xampp\htdocs\QuickCare\QuickCare\Admin_report\src\DbTable.php
C:\xampp\htdocs\QuickCare\QuickCare\Admin_report\src\Db\Entity\AppointmentReport.php
C:\xampp\htdocs\QuickCare\QuickCare\Admin_report\src\Db\Entity\ViewAppointmentReport.php
C:\xampp\htdocs\QuickCare\QuickCare\Admin_report\src\Db\Entity\ViewDoctorReport.php
C:\xampp\htdocs\QuickCare\QuickCare\Admin_report\src\Db\Entity\ViewFeedbackReport.php
C:\xampp\htdocs\QuickCare\QuickCare\Admin_report\src\Db\Entity\ViewPatientReport.php
C:\xampp\htdocs\QuickCare\QuickCare\Admin_report\src\Db\Entity\ViewPaymentReport.php
C:\xampp\htdocs\QuickCare\QuickCare\Admin_report\src\Db\Entity\ViewPrescriptionReport.php
C:\xampp\htdocs\QuickCare\QuickCare\Admin_report\src\DebugStack.php
C:\xampp\htdocs\QuickCare\QuickCare\Admin_report\src\DefaultSequenceGenerator.php
C:\xampp\htdocs\QuickCare\QuickCare\Admin_report\src\DynamicPublicUrlGenerator.php
C:\xampp\htdocs\QuickCare\QuickCare\Admin_report\src\Email.php
C:\xampp\htdocs\QuickCare\QuickCare\Admin_report\src\EmailNotification.php
C:\xampp\htdocs\QuickCare\QuickCare\Admin_report\src\EmailTwoFactorAuthentication.php
C:\xampp\htdocs\QuickCare\QuickCare\Admin_report\src\Entity.php
C:\xampp\htdocs\QuickCare\QuickCare\Admin_report\src\EntityCollectionResolver.php
C:\xampp\htdocs\QuickCare\QuickCare\Admin_report\src\EntityDescriptor.php
C:\xampp\htdocs\QuickCare\QuickCare\Admin_report\src\EsmtpTransportFactoryDecorator.php
C:\xampp\htdocs\QuickCare\QuickCare\Admin_report\src\EventListener\AccessDeniedListener.php
C:\xampp\htdocs\QuickCare\QuickCare\Admin_report\src\EventListener\CascadeUpdateDeleteListener.php
C:\xampp\htdocs\QuickCare\QuickCare\Admin_report\src\EventListener\DoctrineEventListener.php
C:\xampp\htdocs\QuickCare\QuickCare\Admin_report\src\EventListener\JwtListener.php
C:\xampp\htdocs\QuickCare\QuickCare\Admin_report\src\EventSubscriber\ApiExceptionSubscriber.php
C:\xampp\htdocs\QuickCare\QuickCare\Admin_report\src\EventSubscriber\AuditTrailFailureSubscriber.php
C:\xampp\htdocs\QuickCare\QuickCare\Admin_report\src\ExportCsv.php
C:\xampp\htdocs\QuickCare\QuickCare\Admin_report\src\ExportEmail.php
C:\xampp\htdocs\QuickCare\QuickCare\Admin_report\src\ExportExcel.php
C:\xampp\htdocs\QuickCare\QuickCare\Admin_report\src\ExportHandler.php
C:\xampp\htdocs\QuickCare\QuickCare\Admin_report\src\ExportHtml.php
C:\xampp\htdocs\QuickCare\QuickCare\Admin_report\src\ExportJson.php
C:\xampp\htdocs\QuickCare\QuickCare\Admin_report\src\ExportPdf.php
C:\xampp\htdocs\QuickCare\QuickCare\Admin_report\src\ExportWord.php
C:\xampp\htdocs\QuickCare\QuickCare\Admin_report\src\ExportXml.php
C:\xampp\htdocs\QuickCare\QuickCare\Admin_report\src\FieldFactory.php
C:\xampp\htdocs\QuickCare\QuickCare\Admin_report\src\FileUploadHandler.php
C:\xampp\htdocs\QuickCare\QuickCare\Admin_report\src\FileViewer.php
C:\xampp\htdocs\QuickCare\QuickCare\Admin_report\src\ForceLogoutUserAction.php
C:\xampp\htdocs\QuickCare\QuickCare\Admin_report\src\FormLogin1faAuthenticator.php
C:\xampp\htdocs\QuickCare\QuickCare\Admin_report\src\FormLogin2faAuthenticator.php
C:\xampp\htdocs\QuickCare\QuickCare\Admin_report\src\FormTrait.php
C:\xampp\htdocs\QuickCare\QuickCare\Admin_report\src\GeographyType.php
C:\xampp\htdocs\QuickCare\QuickCare\Admin_report\src\GeometryType.php
C:\xampp\htdocs\QuickCare\QuickCare\Admin_report\src\HierarchyIdType.php
C:\xampp\htdocs\QuickCare\QuickCare\Admin_report\src\HttpContext.php
C:\xampp\htdocs\QuickCare\QuickCare\Admin_report\src\HttpUpload.php
C:\xampp\htdocs\QuickCare\QuickCare\Admin_report\src\ImageManager.php
C:\xampp\htdocs\QuickCare\QuickCare\Admin_report\src\JwtRefresher.php
C:\xampp\htdocs\QuickCare\QuickCare\Admin_report\src\Kernel.php
C:\xampp\htdocs\QuickCare\QuickCare\Admin_report\src\Language.php
C:\xampp\htdocs\QuickCare\QuickCare\Admin_report\src\LanguageCacheWarmer.php
C:\xampp\htdocs\QuickCare\QuickCare\Admin_report\src\LanguageLoadEvent.php
C:\xampp\htdocs\QuickCare\QuickCare\Admin_report\src\LegacyPasswordHasher.php
C:\xampp\htdocs\QuickCare\QuickCare\Admin_report\src\LinkProviderFactory.php
C:\xampp\htdocs\QuickCare\QuickCare\Admin_report\src\ListAction.php
C:\xampp\htdocs\QuickCare\QuickCare\Admin_report\src\ListActions.php
C:\xampp\htdocs\QuickCare\QuickCare\Admin_report\src\ListOption.php
C:\xampp\htdocs\QuickCare\QuickCare\Admin_report\src\ListOptions.php
C:\xampp\htdocs\QuickCare\QuickCare\Admin_report\src\ListOptionsCollection.php
C:\xampp\htdocs\QuickCare\QuickCare\Admin_report\src\LoadClassMetadataEvent.php
C:\xampp\htdocs\QuickCare\QuickCare\Admin_report\src\LoggingAuthenticatorManager.php
C:\xampp\htdocs\QuickCare\QuickCare\Admin_report\src\LoginListener.php
C:\xampp\htdocs\QuickCare\QuickCare\Admin_report\src\LoginStatusEvent.php
C:\xampp\htdocs\QuickCare\QuickCare\Admin_report\src\Lookup.php
C:\xampp\htdocs\QuickCare\QuickCare\Admin_report\src\LookupTableInterface.php
C:\xampp\htdocs\QuickCare\QuickCare\Admin_report\src\MaintenanceListener.php
C:\xampp\htdocs\QuickCare\QuickCare\Admin_report\src\Menu.php
C:\xampp\htdocs\QuickCare\QuickCare\Admin_report\src\MenuItem.php
C:\xampp\htdocs\QuickCare\QuickCare\Admin_report\src\MenuItemAddingEvent.php
C:\xampp\htdocs\QuickCare\QuickCare\Admin_report\src\MenuRenderedEvent.php
C:\xampp\htdocs\QuickCare\QuickCare\Admin_report\src\MenuRenderingEvent.php
C:\xampp\htdocs\QuickCare\QuickCare\Admin_report\src\MessagesTrait.php
C:\xampp\htdocs\QuickCare\QuickCare\Admin_report\src\OAuthUser.php
C:\xampp\htdocs\QuickCare\QuickCare\Admin_report\src\OAuthUserProvider.php
C:\xampp\htdocs\QuickCare\QuickCare\Admin_report\src\OnFlushEvent.php
C:\xampp\htdocs\QuickCare\QuickCare\Admin_report\src\OptionValues.php
C:\xampp\htdocs\QuickCare\QuickCare\Admin_report\src\OriginalEntitiesResolver.php
C:\xampp\htdocs\QuickCare\QuickCare\Admin_report\src\PageEntityValueResolver.php
C:\xampp\htdocs\QuickCare\QuickCare\Admin_report\src\PageInterface.php
C:\xampp\htdocs\QuickCare\QuickCare\Admin_report\src\PageLoadingEvent.php
C:\xampp\htdocs\QuickCare\QuickCare\Admin_report\src\PageRenderingEvent.php
C:\xampp\htdocs\QuickCare\QuickCare\Admin_report\src\PageUnloadedEvent.php
C:\xampp\htdocs\QuickCare\QuickCare\Admin_report\src\Pager.php
C:\xampp\htdocs\QuickCare\QuickCare\Admin_report\src\ParsedMessage.php
C:\xampp\htdocs\QuickCare\QuickCare\Admin_report\src\PermissionVoter.php
C:\xampp\htdocs\QuickCare\QuickCare\Admin_report\src\PhpEncryption.php
C:\xampp\htdocs\QuickCare\QuickCare\Admin_report\src\PhpMailerTransport.php
C:\xampp\htdocs\QuickCare\QuickCare\Admin_report\src\PhpMailerTransportFactory.php
C:\xampp\htdocs\QuickCare\QuickCare\Admin_report\src\PhpRenderer.php
C:\xampp\htdocs\QuickCare\QuickCare\Admin_report\src\PostFlushEvent.php
C:\xampp\htdocs\QuickCare\QuickCare\Admin_report\src\PostLoadEvent.php
C:\xampp\htdocs\QuickCare\QuickCare\Admin_report\src\PragmaRxTwoFactorAuthentication.php
C:\xampp\htdocs\QuickCare\QuickCare\Admin_report\src\PreFlushEvent.php
C:\xampp\htdocs\QuickCare\QuickCare\Admin_report\src\PsrResponseValueResolver.php
C:\xampp\htdocs\QuickCare\QuickCare\Admin_report\src\PushNotification.php
C:\xampp\htdocs\QuickCare\QuickCare\Admin_report\src\QueryStringBuilder.php
C:\xampp\htdocs\QuickCare\QuickCare\Admin_report\src\RegisterModelLocatorPass.php
C:\xampp\htdocs\QuickCare\QuickCare\Admin_report\src\RememberMeTokenProvider.php
C:\xampp\htdocs\QuickCare\QuickCare\Admin_report\src\ReportField.php
C:\xampp\htdocs\QuickCare\QuickCare\Admin_report\src\ReportSummary.php
C:\xampp\htdocs\QuickCare\QuickCare\Admin_report\src\ReportTable.php
C:\xampp\htdocs\QuickCare\QuickCare\Admin_report\src\ResendRegisterEmailAction.php
C:\xampp\htdocs\QuickCare\QuickCare\Admin_report\src\ResetConcurrentUserAction.php
C:\xampp\htdocs\QuickCare\QuickCare\Admin_report\src\ResetLoginAttemptsAction.php
C:\xampp\htdocs\QuickCare\QuickCare\Admin_report\src\ResetUserSecretAction.php
C:\xampp\htdocs\QuickCare\QuickCare\Admin_report\src\ResultSetMappingBuilder.php
C:\xampp\htdocs\QuickCare\QuickCare\Admin_report\src\RouteArgs.php
C:\xampp\htdocs\QuickCare\QuickCare\Admin_report\src\RouteArgsValueResolver.php
C:\xampp\htdocs\QuickCare\QuickCare\Admin_report\src\RouteConfigurationEvent.php
C:\xampp\htdocs\QuickCare\QuickCare\Admin_report\src\RowDeleteFailedEvent.php
C:\xampp\htdocs\QuickCare\QuickCare\Admin_report\src\RowDeletedEvent.php
C:\xampp\htdocs\QuickCare\QuickCare\Admin_report\src\RowDeletingEvent.php
C:\xampp\htdocs\QuickCare\QuickCare\Admin_report\src\RowInsertFailedEvent.php
C:\xampp\htdocs\QuickCare\QuickCare\Admin_report\src\RowInsertedEvent.php
C:\xampp\htdocs\QuickCare\QuickCare\Admin_report\src\RowInsertingEvent.php
C:\xampp\htdocs\QuickCare\QuickCare\Admin_report\src\RowSummary.php
C:\xampp\htdocs\QuickCare\QuickCare\Admin_report\src\RowTotal.php
C:\xampp\htdocs\QuickCare\QuickCare\Admin_report\src\RowType.php
C:\xampp\htdocs\QuickCare\QuickCare\Admin_report\src\RowUpdateFailedEvent.php
C:\xampp\htdocs\QuickCare\QuickCare\Admin_report\src\RowUpdatedEvent.php
C:\xampp\htdocs\QuickCare\QuickCare\Admin_report\src\RowUpdatingEvent.php
C:\xampp\htdocs\QuickCare\QuickCare\Admin_report\src\RuntimeLinkProvider.php
C:\xampp\htdocs\QuickCare\QuickCare\Admin_report\src\SafeEntityNormalizer.php
C:\xampp\htdocs\QuickCare\QuickCare\Admin_report\src\Saml2.php
C:\xampp\htdocs\QuickCare\QuickCare\Admin_report\src\SendLoginLinkAction.php
C:\xampp\htdocs\QuickCare\QuickCare\Admin_report\src\SendOneTimePasswordInterface.php
C:\xampp\htdocs\QuickCare\QuickCare\Admin_report\src\ServicesConfigurationEvent.php
C:\xampp\htdocs\QuickCare\QuickCare\Admin_report\src\SetPasswordExpiredAction.php
C:\xampp\htdocs\QuickCare\QuickCare\Admin_report\src\SmallDateTimeType.php
C:\xampp\htdocs\QuickCare\QuickCare\Admin_report\src\SmsTwoFactorAuthentication.php
C:\xampp\htdocs\QuickCare\QuickCare\Admin_report\src\SqlServerDateTimeOffsetType.php
C:\xampp\htdocs\QuickCare\QuickCare\Admin_report\src\SqlServerDateTimeType.php
C:\xampp\htdocs\QuickCare\QuickCare\Admin_report\src\SqlServerTimeType.php
C:\xampp\htdocs\QuickCare\QuickCare\Admin_report\src\SsoStateSessionStore.php
C:\xampp\htdocs\QuickCare\QuickCare\Admin_report\src\SubPage.php
C:\xampp\htdocs\QuickCare\QuickCare\Admin_report\src\SubPages.php
C:\xampp\htdocs\QuickCare\QuickCare\Admin_report\src\SummaryField.php
C:\xampp\htdocs\QuickCare\QuickCare\Admin_report\src\SwitchUserAction.php
C:\xampp\htdocs\QuickCare\QuickCare\Admin_report\src\SwitchUserVoter.php
C:\xampp\htdocs\QuickCare\QuickCare\Admin_report\src\SysAdminUser.php
C:\xampp\htdocs\QuickCare\QuickCare\Admin_report\src\TwigExtension.php
C:\xampp\htdocs\QuickCare\QuickCare\Admin_report\src\TwoFactorAuthenticatedToken.php
C:\xampp\htdocs\QuickCare\QuickCare\Admin_report\src\TwoFactorAuthenticatingToken.php
C:\xampp\htdocs\QuickCare\QuickCare\Admin_report\src\TwoFactorAuthenticationInterface.php
C:\xampp\htdocs\QuickCare\QuickCare\Admin_report\src\UploadHandler.php
C:\xampp\htdocs\QuickCare\QuickCare\Admin_report\src\UserChecker.php
C:\xampp\htdocs\QuickCare\QuickCare\Admin_report\src\UserProfile.php
C:\xampp\htdocs\QuickCare\QuickCare\Admin_report\src\UserProfileFactory.php
C:\xampp\htdocs\QuickCare\QuickCare\Admin_report\src\UserRepository.php
C:\xampp\htdocs\QuickCare\QuickCare\Admin_report\src\UuidGenerator.php
C:\xampp\htdocs\QuickCare\QuickCare\Admin_report\src\WindowsUser.php
C:\xampp\htdocs\QuickCare\QuickCare\Admin_report\src\WindowsUserProvider.php
C:\xampp\htdocs\QuickCare\QuickCare\Admin_report\src\XmlDocument.php
C:\xampp\htdocs\QuickCare\QuickCare\Admin_report\src\config.php
C:\xampp\htdocs\QuickCare\QuickCare\Admin_report\src\constants.php
C:\xampp\htdocs\QuickCare\QuickCare\Admin_report\src\phpfn.php
C:\xampp\htdocs\QuickCare\QuickCare\Admin_report\src\security.php
C:\xampp\htdocs\QuickCare\QuickCare\Admin_report\src\userfn.php
C:\xampp\htdocs\QuickCare\QuickCare\Admin_report\src\userlevelsettings.php
C:\xampp\htdocs\QuickCare\QuickCare\Admin_report\templates\bundles\TwigBundle\Exception\error.html.twig
C:\xampp\htdocs\QuickCare\QuickCare\Admin_report\templates\maintenance.html.twig
C:\xampp\htdocs\QuickCare\QuickCare\Admin_report\views\AppointmentReportSummary.php
C:\xampp\htdocs\QuickCare\QuickCare\Admin_report\views\ViewAppointmentReportList.php
C:\xampp\htdocs\QuickCare\QuickCare\Admin_report\views\ViewAppointmentReportSearch.php
C:\xampp\htdocs\QuickCare\QuickCare\Admin_report\views\ViewDoctorReportList.php
C:\xampp\htdocs\QuickCare\QuickCare\Admin_report\views\ViewDoctorReportSearch.php
C:\xampp\htdocs\QuickCare\QuickCare\Admin_report\views\ViewFeedbackReportList.php
C:\xampp\htdocs\QuickCare\QuickCare\Admin_report\views\ViewPatientReportList.php
C:\xampp\htdocs\QuickCare\QuickCare\Admin_report\views\ViewPaymentReportList.php
C:\xampp\htdocs\QuickCare\QuickCare\Admin_report\views\ViewPaymentReportSearch.php
C:\xampp\htdocs\QuickCare\QuickCare\Admin_report\views\ViewPrescriptionReportList.php
C:\xampp\htdocs\QuickCare\QuickCare\Admin_report\views\ViewPrescriptionReportSearch.php
C:\xampp\htdocs\QuickCare\QuickCare\Admin_report\views\email.php
C:\xampp\htdocs\QuickCare\QuickCare\Admin_report\views\layout.php
C:\xampp\htdocs\QuickCare\QuickCare\Admin_report\views\menu.php
C:\xampp\htdocs\QuickCare\QuickCare\Admin_report\web.config